<?xml version="1.0" encoding="UTF-8"?>
<testsuite xmlns:xsi="http://www.w3.org/2001/XMLSchema-instance" xsi:noNamespaceSchemaLocation="https://maven.apache.org/surefire/maven-surefire-plugin/xsd/surefire-test-report-3.0.xsd" version="3.0" name="runner.TestRunner" time="1.547" tests="1" errors="0" skipped="0" failures="0">
  <properties>
[...]
</properties>
  <testcase name="Register with mandatory fields #1" classname="User regsitration" time="0.147">
    <system-out><![CDATA[
@registration
Scenario: Register with mandatory fields &amp#27;[90m# src/test/resources/features/Register.feature:5&amp#27;[0m
]]></system-out>
  </testcase>
</testsuite>